*** EVALUATION ***
ANSI-C/cC++ Compiler for HC12 V-5.0.40 Build 10020, Jan 21 2010

    1:  // File **********Timer.C***********
    2:  // Timer wait routines, 9S12DP512
    3:  // assumes PLL is active and E clock is 24 MHz
    4:  // TCNT will become 1.5MHz
    5:  // Jonathan W. Valvano 7/14/07
    6:  
    7:  //  This example accompanies the books
    8:  //   "Embedded Microcomputer Systems: Real Time Interfacing",
    9:  //         Thomson Engineering, copyright (c) 2006,
   10:  //   "Introduction to Embedded Microcomputer Systems: 
   11:  //    Motorola 6811 and 6812 Simulation", Thomson, copyright (c) 2002
   12:  
   13:  // Copyright 2007 by Jonathan W. Valvano, valvano@mail.utexas.edu 
   14:  //    You may use, edit, run or distribute this file 
   15:  //    as long as the above copyright notice remains 
   16:  
   17:  #include <mc9s12dp512.h>     /* derivative information */
   18:  
   19:  //---------------------Timer_Init---------------------
   20:  // activate TCNT at 1.5 MHz
   21:  // inputs: none
   22:  // outputs: none
   23:  void Timer_Init(void){
*** EVALUATION ***

Function: Timer_Init
Source  : E:\Lab10\SCIB_DP512\Lab 10\Sources\Timer.C
Options : -Cc -CPUHCS12 -D_HCS12_SERIALMON -D__NO_FLOAT__ -Env"GENPATH=E:\Lab10\SCIB_DP512\Lab 10;E:\Lab10\SCIB_DP512\Lab 10\bin;E:\Lab10\SCIB_DP512\Lab 10\prm;E:\Lab10\SCIB_DP512\Lab 10\cmd;E:\Lab10\SCIB_DP512\Lab 10\Sources;C:\Program Files\Freescale\CodeWarrior for S12(X) V5.0\lib\HC12c\lib;C:\Program Files\Freescale\CodeWarrior for S12(X) V5.0\lib\HC12c\src;C:\Program Files\Freescale\CodeWarrior for S12(X) V5.0\lib\HC12c\include" -Env"LIBPATH=C:\Program Files\Freescale\CodeWarrior for S12(X) V5.0\lib\HC12c\include" -Env"OBJPATH=E:\Lab10\SCIB_DP512\Lab 10\bin" -Env"TEXTPATH=E:\Lab10\SCIB_DP512\Lab 10\bin" -Lasm=%n.lst -Ms -ObjN="E:\Lab10\SCIB_DP512\Lab 10\SCIB_DP512_Data\Standard\ObjectCode\Timer.C.o" -WmsgSd1106

   24:    asm sei      // make ritual atomic 
  0000 1410         [1]     SEI   
   25:    TSCR1 = 0x80;   // Enable TCNT, 24MHz E clock
  0002 cc0480       [2]     LDD   #1152
  0005 5b00         [2]     STAB  _TSCR1
   26:    TSCR2 = 0x04;   // divide by 16 TCNT prescale, TOI disarm
  0007 5a00         [2]     STAA  _TSCR2
   27:    PACTL = 0;      // timer prescale used for TCNT
  0009 790000       [3]     CLR   _PACTL
   28:  /* Bottom three bits of TSCR2 (PR2,PR1,PR0) determine TCNT period
   29:      divide  FastMode(24MHz)    Slow Mode (4MHz)
   30:  000   1     42ns  TOF  2.73ms  250ns TOF 16.384ms
   31:  001   2     84ns  TOF  5.46ms  500ns TOF 32.768ms 
   32:  010   4    167ns  TOF  10.9ms    1us TOF 65.536ms   
   33:  011   8    333ns  TOF  21.8ms 	 2us TOF 131.072ms
   34:  100  16    667ns  TOF  43.7ms 	 4us TOF 262.144ns
   35:  101  32   1.33us  TOF  87.4ms		 8us TOF 524.288ms
   36:  110  64   2.67us  TOF 174.8ms   16us TOF 1.048576s
   37:  111 128   5.33us  TOF 349.5ms   32us TOF 2.097152s */ 
   38:  }
  000c 3d           [5]     RTS   
   39:  
   40:  
   41:  //---------Timer_Wait------------------
   42:  // fixed time delay
   43:  // inputs: time to wait in 42ns cycles
   44:  // outputs: none
   45:  void Timer_Wait(unsigned short delay){ 
*** EVALUATION ***

Function: Timer_Wait
Source  : E:\Lab10\SCIB_DP512\Lab 10\Sources\Timer.C
Options : -Cc -CPUHCS12 -D_HCS12_SERIALMON -D__NO_FLOAT__ -Env"GENPATH=E:\Lab10\SCIB_DP512\Lab 10;E:\Lab10\SCIB_DP512\Lab 10\bin;E:\Lab10\SCIB_DP512\Lab 10\prm;E:\Lab10\SCIB_DP512\Lab 10\cmd;E:\Lab10\SCIB_DP512\Lab 10\Sources;C:\Program Files\Freescale\CodeWarrior for S12(X) V5.0\lib\HC12c\lib;C:\Program Files\Freescale\CodeWarrior for S12(X) V5.0\lib\HC12c\src;C:\Program Files\Freescale\CodeWarrior for S12(X) V5.0\lib\HC12c\include" -Env"LIBPATH=C:\Program Files\Freescale\CodeWarrior for S12(X) V5.0\lib\HC12c\include" -Env"OBJPATH=E:\Lab10\SCIB_DP512\Lab 10\bin" -Env"TEXTPATH=E:\Lab10\SCIB_DP512\Lab 10\bin" -Lasm=%n.lst -Ms -ObjN="E:\Lab10\SCIB_DP512\Lab 10\SCIB_DP512_Data\Standard\ObjectCode\Timer.C.o" -WmsgSd1106

  0000 6cac         [2]     STD   4,-SP
   46:  unsigned short startTime;
   47:    startTime = TCNT;
  0002 dc00         [3]     LDD   _TCNT
  0004 6c82         [2]     STD   2,SP
   48:    while((TCNT-startTime) <= (delay*16)){} 
  0006 dc00         [3]     LDD   _TCNT
  0008 a382         [3]     SUBD  2,SP
  000a b745         [1]     TFR   D,X
  000c ec80         [3]     LDD   0,SP
  000e 59           [1]     LSLD  
  000f 59           [1]     LSLD  
  0010 59           [1]     LSLD  
  0011 59           [1]     LSLD  
  0012 3b           [2]     PSHD  
  0013 aeb1         [3]     CPX   2,SP+
  0015 23ef         [3/1]   BLS   *-15 ;abs = 0006
   49:  }
  0017 1b84         [2]     LEAS  4,SP
  0019 3d           [5]     RTS   
   50:  
   51:  //---------Timer_Wait1ms------------------
   52:  // fixed time delay
   53:  // inputs: time to wait in ms
   54:  // outputs: none
   55:  // 1500 cycles equals 1ms
   56:  void Timer_Wait1ms(unsigned short delay){ 
*** EVALUATION ***

Function: Timer_Wait1ms
Source  : E:\Lab10\SCIB_DP512\Lab 10\Sources\Timer.C
Options : -Cc -CPUHCS12 -D_HCS12_SERIALMON -D__NO_FLOAT__ -Env"GENPATH=E:\Lab10\SCIB_DP512\Lab 10;E:\Lab10\SCIB_DP512\Lab 10\bin;E:\Lab10\SCIB_DP512\Lab 10\prm;E:\Lab10\SCIB_DP512\Lab 10\cmd;E:\Lab10\SCIB_DP512\Lab 10\Sources;C:\Program Files\Freescale\CodeWarrior for S12(X) V5.0\lib\HC12c\lib;C:\Program Files\Freescale\CodeWarrior for S12(X) V5.0\lib\HC12c\src;C:\Program Files\Freescale\CodeWarrior for S12(X) V5.0\lib\HC12c\include" -Env"LIBPATH=C:\Program Files\Freescale\CodeWarrior for S12(X) V5.0\lib\HC12c\include" -Env"OBJPATH=E:\Lab10\SCIB_DP512\Lab 10\bin" -Env"TEXTPATH=E:\Lab10\SCIB_DP512\Lab 10\bin" -Lasm=%n.lst -Ms -ObjN="E:\Lab10\SCIB_DP512\Lab 10\SCIB_DP512_Data\Standard\ObjectCode\Timer.C.o" -WmsgSd1106

   57:    for(;delay>0;delay--){
  0000 b745         [1]     TFR   D,X
  0002 2008         [3]     BRA   *+10 ;abs = 000c
   58:      Timer_Wait(1500);
  0004 cc05dc       [2]     LDD   #1500
  0007 34           [2]     PSHX  
  0008 0700         [4]     BSR   Timer_Wait
  000a 30           [3]     PULX  
  000b 09           [1]     DEX   
  000c 0475f5       [3]     TBNE  X,*-8 ;abs = 0004
   59:    }
   60:  }
  000f 3d           [5]     RTS   
   61:  
   62:  //---------Timer_Wait10ms------------------
   63:  // fixed time delay
   64:  // inputs: time to wait in 10ms
   65:  // outputs: none
   66:  // 15000 cycles equals 10ms
   67:  void Timer_Wait10ms(unsigned short delay){
*** EVALUATION ***

Function: Timer_Wait10ms
Source  : E:\Lab10\SCIB_DP512\Lab 10\Sources\Timer.C
Options : -Cc -CPUHCS12 -D_HCS12_SERIALMON -D__NO_FLOAT__ -Env"GENPATH=E:\Lab10\SCIB_DP512\Lab 10;E:\Lab10\SCIB_DP512\Lab 10\bin;E:\Lab10\SCIB_DP512\Lab 10\prm;E:\Lab10\SCIB_DP512\Lab 10\cmd;E:\Lab10\SCIB_DP512\Lab 10\Sources;C:\Program Files\Freescale\CodeWarrior for S12(X) V5.0\lib\HC12c\lib;C:\Program Files\Freescale\CodeWarrior for S12(X) V5.0\lib\HC12c\src;C:\Program Files\Freescale\CodeWarrior for S12(X) V5.0\lib\HC12c\include" -Env"LIBPATH=C:\Program Files\Freescale\CodeWarrior for S12(X) V5.0\lib\HC12c\include" -Env"OBJPATH=E:\Lab10\SCIB_DP512\Lab 10\bin" -Env"TEXTPATH=E:\Lab10\SCIB_DP512\Lab 10\bin" -Lasm=%n.lst -Ms -ObjN="E:\Lab10\SCIB_DP512\Lab 10\SCIB_DP512_Data\Standard\ObjectCode\Timer.C.o" -WmsgSd1106

  0000 3b           [2]     PSHD  
   68:    int i;
   69:    for(i=0;i<delay;i++){
  0001 ce0000       [2]     LDX   #0
  0004 2008         [3]     BRA   *+10 ;abs = 000e
   70:      Timer_Wait1ms(10);
  0006 c60a         [1]     LDAB  #10
  0008 87           [1]     CLRA  
  0009 34           [2]     PSHX  
  000a 0700         [4]     BSR   Timer_Wait1ms
  000c 30           [3]     PULX  
  000d 08           [1]     INX   
  000e ae80         [3]     CPX   0,SP
  0010 25f4         [3/1]   BCS   *-10 ;abs = 0006
   71:    }
   72:  }
  0012 3a           [3]     PULD  
  0013 3d           [5]     RTS   
