*** EVALUATION ***
ANSI-C/cC++ Compiler for HC12 V-5.0.41 Build 10203, Jul 23 2010

    1:  
    2:  #include <mc9s12dp512.h>     /* derivative information */
    3:  #include "game.h"
    4:  
    5:  #define DEBOUNCE_DELAY 10
    6:  
    7:  // UP     PT5
    8:  // DOWN   PT4
    9:  // LEFT   PT3
   10:  // RIGHT  PT2
   11:  // A      PT1
   12:  // B      PT0
   13:  
   14:  static void (*OC6Func) (void);
   15:  unsigned static char  OC6Enabled;
   16:  unsigned static short OC6Delay;
   17:  unsigned static short OC6DelayCount1;
   18:  unsigned static short OC6DelayCount2;
   19:  unsigned static short OC6Count;
   20:  
   21:  void Key_Init(void){  
*** EVALUATION ***

Function: Key_Init
Source  : C:\Users\Raz\Documents\EE 445L\Battleship\Sources\switch.c
Options : -Cc -CPUHCS12 -D_HCS12_SERIALMON -D__NO_FLOAT__ -Env"GENPATH=C:\Users\Raz\Documents\EE 445L\Battleship;C:\Users\Raz\Documents\EE 445L\Battleship\bin;C:\Users\Raz\Documents\EE 445L\Battleship\prm;C:\Users\Raz\Documents\EE 445L\Battleship\cmd;C:\Users\Raz\Documents\EE 445L\Battleship\Sources;C:\Program Files\Freescale\CWS12v5.1\lib\HC12c\lib;C:\Program Files\Freescale\CWS12v5.1\lib\HC12c\src;C:\Program Files\Freescale\CWS12v5.1\lib\HC12c\include" -Env"LIBPATH=C:\Program Files\Freescale\CWS12v5.1\lib\HC12c\include" -Env"OBJPATH=C:\Users\Raz\Documents\EE 445L\Battleship\bin" -Env"TEXTPATH=C:\Users\Raz\Documents\EE 445L\Battleship\bin" -Lasm=%n.lst -Ms -ObjN="C:\Users\Raz\Documents\EE 445L\Battleship\Battleship_Data\Standard\ObjectCode\switch.c.o" -WmsgSd1106

   22:  asm sei           // make atomic
  0000 1410         [1]     SEI   
   23:    DDRT &= ~0x3F;    // PT7,PT6 all rows are output
  0002 1d00003f     [4]     BCLR  _DDRT,#63
   24:    PERT  =  0x3F;    // internal pullup on PT3,PT2
  0006 cc053f       [2]     LDD   #1343
  0009 7b0000       [3]     STAB  _PERT
   25:    TCTL3 =  0x05;
  000c 5a00         [2]     STAA  _TCTL3
   26:    TCTL4 =  0x55;   // falling edges IC3,IC2
  000e c655         [1]     LDAB  #85
  0010 5b00         [2]     STAB  _TCTL4
   27:    TIOS  =  0xC0;
  0012 c6c0         [1]     LDAB  #192
  0014 5b00         [2]     STAB  _TIOS
   28:    TIE   =  0x3F;     // Arm only IC3,IC2
  0016 51           [1]     COMB  
  0017 5b00         [2]     STAB  _TIE
   29:  asm cli    
  0019 10ef         [1]     CLI   
   30:  }
  001b 3d           [5]     RTS   
   31:  
   32:  void enableOC6(void (*function) (void), unsigned short delay, unsigned short delayCount, unsigned short count) {
*** EVALUATION ***

Function: enableOC6
Source  : C:\Users\Raz\Documents\EE 445L\Battleship\Sources\switch.c
Options : -Cc -CPUHCS12 -D_HCS12_SERIALMON -D__NO_FLOAT__ -Env"GENPATH=C:\Users\Raz\Documents\EE 445L\Battleship;C:\Users\Raz\Documents\EE 445L\Battleship\bin;C:\Users\Raz\Documents\EE 445L\Battleship\prm;C:\Users\Raz\Documents\EE 445L\Battleship\cmd;C:\Users\Raz\Documents\EE 445L\Battleship\Sources;C:\Program Files\Freescale\CWS12v5.1\lib\HC12c\lib;C:\Program Files\Freescale\CWS12v5.1\lib\HC12c\src;C:\Program Files\Freescale\CWS12v5.1\lib\HC12c\include" -Env"LIBPATH=C:\Program Files\Freescale\CWS12v5.1\lib\HC12c\include" -Env"OBJPATH=C:\Users\Raz\Documents\EE 445L\Battleship\bin" -Env"TEXTPATH=C:\Users\Raz\Documents\EE 445L\Battleship\bin" -Lasm=%n.lst -Ms -ObjN="C:\Users\Raz\Documents\EE 445L\Battleship\Battleship_Data\Standard\ObjectCode\switch.c.o" -WmsgSd1106

  0000 3b           [2]     PSHD  
   33:    asm sei
  0001 1410         [1]     SEI   
   34:    TIE |= 0x40;
  0003 4c0040       [4]     BSET  _TIE,#64
   35:    OC6Enabled = 1;    
  0006 c601         [1]     LDAB  #1
  0008 7b0000       [3]     STAB  OC6Enabled
   36:    OC6Func = function;
  000b ec88         [3]     LDD   8,SP
  000d 7c0000       [3]     STD   OC6Func
   37:    OC6Delay = delay;
  0010 ec86         [3]     LDD   6,SP
  0012 7c0000       [3]     STD   OC6Delay
   38:    OC6DelayCount1 = delayCount;
  0015 ee84         [3]     LDX   4,SP
  0017 7e0000       [3]     STX   OC6DelayCount1
   39:    OC6DelayCount2 = delayCount;
  001a 7e0000       [3]     STX   OC6DelayCount2
   40:    OC6Count = count;
  001d 30           [3]     PULX  
  001e 7e0000       [3]     STX   OC6Count
   41:    TFLG1 = 0x40;    
  0021 180b400000   [4]     MOVB  #64,_TFLG1
   42:    TC6 = TCNT + OC6Delay;
  0026 d300         [3]     ADDD  _TCNT
  0028 5c00         [2]     STD   _TC6
   43:    asm cli
  002a 10ef         [1]     CLI   
   44:  }
  002c 3d           [5]     RTS   
   45:  
   46:  void disableOC6(void) {
*** EVALUATION ***

Function: disableOC6
Source  : C:\Users\Raz\Documents\EE 445L\Battleship\Sources\switch.c
Options : -Cc -CPUHCS12 -D_HCS12_SERIALMON -D__NO_FLOAT__ -Env"GENPATH=C:\Users\Raz\Documents\EE 445L\Battleship;C:\Users\Raz\Documents\EE 445L\Battleship\bin;C:\Users\Raz\Documents\EE 445L\Battleship\prm;C:\Users\Raz\Documents\EE 445L\Battleship\cmd;C:\Users\Raz\Documents\EE 445L\Battleship\Sources;C:\Program Files\Freescale\CWS12v5.1\lib\HC12c\lib;C:\Program Files\Freescale\CWS12v5.1\lib\HC12c\src;C:\Program Files\Freescale\CWS12v5.1\lib\HC12c\include" -Env"LIBPATH=C:\Program Files\Freescale\CWS12v5.1\lib\HC12c\include" -Env"OBJPATH=C:\Users\Raz\Documents\EE 445L\Battleship\bin" -Env"TEXTPATH=C:\Users\Raz\Documents\EE 445L\Battleship\bin" -Lasm=%n.lst -Ms -ObjN="C:\Users\Raz\Documents\EE 445L\Battleship\Battleship_Data\Standard\ObjectCode\switch.c.o" -WmsgSd1106

   47:    TIE &= ~0x40;
  0000 4d0040       [4]     BCLR  _TIE,#64
   48:    TFLG1 = 0x40;
  0003 c640         [1]     LDAB  #64
  0005 5b00         [2]     STAB  _TFLG1
   49:  }
  0007 3d           [5]     RTS   
   50:  
   51:  void interrupt 8 IC0Han(void) {
*** EVALUATION ***

Function: IC0Han
Source  : C:\Users\Raz\Documents\EE 445L\Battleship\Sources\switch.c
Options : -Cc -CPUHCS12 -D_HCS12_SERIALMON -D__NO_FLOAT__ -Env"GENPATH=C:\Users\Raz\Documents\EE 445L\Battleship;C:\Users\Raz\Documents\EE 445L\Battleship\bin;C:\Users\Raz\Documents\EE 445L\Battleship\prm;C:\Users\Raz\Documents\EE 445L\Battleship\cmd;C:\Users\Raz\Documents\EE 445L\Battleship\Sources;C:\Program Files\Freescale\CWS12v5.1\lib\HC12c\lib;C:\Program Files\Freescale\CWS12v5.1\lib\HC12c\src;C:\Program Files\Freescale\CWS12v5.1\lib\HC12c\include" -Env"LIBPATH=C:\Program Files\Freescale\CWS12v5.1\lib\HC12c\include" -Env"OBJPATH=C:\Users\Raz\Documents\EE 445L\Battleship\bin" -Env"TEXTPATH=C:\Users\Raz\Documents\EE 445L\Battleship\bin" -Lasm=%n.lst -Ms -ObjN="C:\Users\Raz\Documents\EE 445L\Battleship\Battleship_Data\Standard\ObjectCode\switch.c.o" -WmsgSd1106

   52:    Game_B();                    
  0000 160000       [4]     JSR   Game_B
   53:    TFLG1 = 0x01;
  0003 c601         [1]     LDAB  #1
  0005 5b00         [2]     STAB  _TFLG1
   54:  }
  0007 0b           [8]     RTI   
   55:  
   56:  void interrupt 9 IC1Han(void) {
*** EVALUATION ***

Function: IC1Han
Source  : C:\Users\Raz\Documents\EE 445L\Battleship\Sources\switch.c
Options : -Cc -CPUHCS12 -D_HCS12_SERIALMON -D__NO_FLOAT__ -Env"GENPATH=C:\Users\Raz\Documents\EE 445L\Battleship;C:\Users\Raz\Documents\EE 445L\Battleship\bin;C:\Users\Raz\Documents\EE 445L\Battleship\prm;C:\Users\Raz\Documents\EE 445L\Battleship\cmd;C:\Users\Raz\Documents\EE 445L\Battleship\Sources;C:\Program Files\Freescale\CWS12v5.1\lib\HC12c\lib;C:\Program Files\Freescale\CWS12v5.1\lib\HC12c\src;C:\Program Files\Freescale\CWS12v5.1\lib\HC12c\include" -Env"LIBPATH=C:\Program Files\Freescale\CWS12v5.1\lib\HC12c\include" -Env"OBJPATH=C:\Users\Raz\Documents\EE 445L\Battleship\bin" -Env"TEXTPATH=C:\Users\Raz\Documents\EE 445L\Battleship\bin" -Lasm=%n.lst -Ms -ObjN="C:\Users\Raz\Documents\EE 445L\Battleship\Battleship_Data\Standard\ObjectCode\switch.c.o" -WmsgSd1106

   57:    Game_A();                    
  0000 160000       [4]     JSR   Game_A
   58:    TFLG1 = 0x02;
  0003 c602         [1]     LDAB  #2
  0005 5b00         [2]     STAB  _TFLG1
   59:  }
  0007 0b           [8]     RTI   
   60:  
   61:  void interrupt 10 IC2Han(void) {
*** EVALUATION ***

Function: IC2Han
Source  : C:\Users\Raz\Documents\EE 445L\Battleship\Sources\switch.c
Options : -Cc -CPUHCS12 -D_HCS12_SERIALMON -D__NO_FLOAT__ -Env"GENPATH=C:\Users\Raz\Documents\EE 445L\Battleship;C:\Users\Raz\Documents\EE 445L\Battleship\bin;C:\Users\Raz\Documents\EE 445L\Battleship\prm;C:\Users\Raz\Documents\EE 445L\Battleship\cmd;C:\Users\Raz\Documents\EE 445L\Battleship\Sources;C:\Program Files\Freescale\CWS12v5.1\lib\HC12c\lib;C:\Program Files\Freescale\CWS12v5.1\lib\HC12c\src;C:\Program Files\Freescale\CWS12v5.1\lib\HC12c\include" -Env"LIBPATH=C:\Program Files\Freescale\CWS12v5.1\lib\HC12c\include" -Env"OBJPATH=C:\Users\Raz\Documents\EE 445L\Battleship\bin" -Env"TEXTPATH=C:\Users\Raz\Documents\EE 445L\Battleship\bin" -Lasm=%n.lst -Ms -ObjN="C:\Users\Raz\Documents\EE 445L\Battleship\Battleship_Data\Standard\ObjectCode\switch.c.o" -WmsgSd1106

   62:    Game_DPad(RIGHT);                 
  0000 c603         [1]     LDAB  #3
  0002 160000       [4]     JSR   Game_DPad
   63:    TFLG1 = 0x04;
  0005 c604         [1]     LDAB  #4
  0007 5b00         [2]     STAB  _TFLG1
   64:  }
  0009 0b           [8]     RTI   
   65:  
   66:  void interrupt 11 IC3Han(void) {
*** EVALUATION ***

Function: IC3Han
Source  : C:\Users\Raz\Documents\EE 445L\Battleship\Sources\switch.c
Options : -Cc -CPUHCS12 -D_HCS12_SERIALMON -D__NO_FLOAT__ -Env"GENPATH=C:\Users\Raz\Documents\EE 445L\Battleship;C:\Users\Raz\Documents\EE 445L\Battleship\bin;C:\Users\Raz\Documents\EE 445L\Battleship\prm;C:\Users\Raz\Documents\EE 445L\Battleship\cmd;C:\Users\Raz\Documents\EE 445L\Battleship\Sources;C:\Program Files\Freescale\CWS12v5.1\lib\HC12c\lib;C:\Program Files\Freescale\CWS12v5.1\lib\HC12c\src;C:\Program Files\Freescale\CWS12v5.1\lib\HC12c\include" -Env"LIBPATH=C:\Program Files\Freescale\CWS12v5.1\lib\HC12c\include" -Env"OBJPATH=C:\Users\Raz\Documents\EE 445L\Battleship\bin" -Env"TEXTPATH=C:\Users\Raz\Documents\EE 445L\Battleship\bin" -Lasm=%n.lst -Ms -ObjN="C:\Users\Raz\Documents\EE 445L\Battleship\Battleship_Data\Standard\ObjectCode\switch.c.o" -WmsgSd1106

   67:    Game_DPad(DOWN);                  
  0000 c601         [1]     LDAB  #1
  0002 160000       [4]     JSR   Game_DPad
   68:    TFLG1 = 0x08;
  0005 c608         [1]     LDAB  #8
  0007 5b00         [2]     STAB  _TFLG1
   69:  }
  0009 0b           [8]     RTI   
   70:  
   71:  void interrupt 12 IC4Han(void) {
*** EVALUATION ***

Function: IC4Han
Source  : C:\Users\Raz\Documents\EE 445L\Battleship\Sources\switch.c
Options : -Cc -CPUHCS12 -D_HCS12_SERIALMON -D__NO_FLOAT__ -Env"GENPATH=C:\Users\Raz\Documents\EE 445L\Battleship;C:\Users\Raz\Documents\EE 445L\Battleship\bin;C:\Users\Raz\Documents\EE 445L\Battleship\prm;C:\Users\Raz\Documents\EE 445L\Battleship\cmd;C:\Users\Raz\Documents\EE 445L\Battleship\Sources;C:\Program Files\Freescale\CWS12v5.1\lib\HC12c\lib;C:\Program Files\Freescale\CWS12v5.1\lib\HC12c\src;C:\Program Files\Freescale\CWS12v5.1\lib\HC12c\include" -Env"LIBPATH=C:\Program Files\Freescale\CWS12v5.1\lib\HC12c\include" -Env"OBJPATH=C:\Users\Raz\Documents\EE 445L\Battleship\bin" -Env"TEXTPATH=C:\Users\Raz\Documents\EE 445L\Battleship\bin" -Lasm=%n.lst -Ms -ObjN="C:\Users\Raz\Documents\EE 445L\Battleship\Battleship_Data\Standard\ObjectCode\switch.c.o" -WmsgSd1106

   72:    Game_DPad(LEFT);                  
  0000 c602         [1]     LDAB  #2
  0002 160000       [4]     JSR   Game_DPad
   73:    TFLG1 = 0x10;
  0005 c610         [1]     LDAB  #16
  0007 5b00         [2]     STAB  _TFLG1
   74:  }
  0009 0b           [8]     RTI   
   75:  
   76:  void interrupt 13 IC5Han(void){
*** EVALUATION ***

Function: IC5Han
Source  : C:\Users\Raz\Documents\EE 445L\Battleship\Sources\switch.c
Options : -Cc -CPUHCS12 -D_HCS12_SERIALMON -D__NO_FLOAT__ -Env"GENPATH=C:\Users\Raz\Documents\EE 445L\Battleship;C:\Users\Raz\Documents\EE 445L\Battleship\bin;C:\Users\Raz\Documents\EE 445L\Battleship\prm;C:\Users\Raz\Documents\EE 445L\Battleship\cmd;C:\Users\Raz\Documents\EE 445L\Battleship\Sources;C:\Program Files\Freescale\CWS12v5.1\lib\HC12c\lib;C:\Program Files\Freescale\CWS12v5.1\lib\HC12c\src;C:\Program Files\Freescale\CWS12v5.1\lib\HC12c\include" -Env"LIBPATH=C:\Program Files\Freescale\CWS12v5.1\lib\HC12c\include" -Env"OBJPATH=C:\Users\Raz\Documents\EE 445L\Battleship\bin" -Env"TEXTPATH=C:\Users\Raz\Documents\EE 445L\Battleship\bin" -Lasm=%n.lst -Ms -ObjN="C:\Users\Raz\Documents\EE 445L\Battleship\Battleship_Data\Standard\ObjectCode\switch.c.o" -WmsgSd1106

   77:    Game_DPad(UP);                   
  0000 c7           [1]     CLRB  
  0001 160000       [4]     JSR   Game_DPad
   78:    TFLG1 = 0x20;
  0004 c620         [1]     LDAB  #32
  0006 5b00         [2]     STAB  _TFLG1
   79:  }
  0008 0b           [8]     RTI   
   80:  
   81:  void interrupt 14 OC6Han(void){
*** EVALUATION ***

Function: OC6Han
Source  : C:\Users\Raz\Documents\EE 445L\Battleship\Sources\switch.c
Options : -Cc -CPUHCS12 -D_HCS12_SERIALMON -D__NO_FLOAT__ -Env"GENPATH=C:\Users\Raz\Documents\EE 445L\Battleship;C:\Users\Raz\Documents\EE 445L\Battleship\bin;C:\Users\Raz\Documents\EE 445L\Battleship\prm;C:\Users\Raz\Documents\EE 445L\Battleship\cmd;C:\Users\Raz\Documents\EE 445L\Battleship\Sources;C:\Program Files\Freescale\CWS12v5.1\lib\HC12c\lib;C:\Program Files\Freescale\CWS12v5.1\lib\HC12c\src;C:\Program Files\Freescale\CWS12v5.1\lib\HC12c\include" -Env"LIBPATH=C:\Program Files\Freescale\CWS12v5.1\lib\HC12c\include" -Env"OBJPATH=C:\Users\Raz\Documents\EE 445L\Battleship\bin" -Env"TEXTPATH=C:\Users\Raz\Documents\EE 445L\Battleship\bin" -Lasm=%n.lst -Ms -ObjN="C:\Users\Raz\Documents\EE 445L\Battleship\Battleship_Data\Standard\ObjectCode\switch.c.o" -WmsgSd1106

   82:    TFLG1 = 0x40;
  0000 c640         [1]     LDAB  #64
  0002 5b00         [2]     STAB  _TFLG1
   83:    if(!OC6DelayCount2) {
  0004 fe0000       [3]     LDX   OC6DelayCount2
  0007 261b         [3/1]   BNE   *+29 ;abs = 0024
   84:      OC6DelayCount2 = OC6DelayCount1;
  0009 fc0000       [3]     LDD   OC6DelayCount1
  000c 7c0000       [3]     STD   OC6DelayCount2
   85:      (*OC6Func)();
  000f 15fb0000     [7]     JSR   [OC6Func,PCR]
   86:      OC6Count--;
  0013 fe0000       [3]     LDX   OC6Count
  0016 09           [1]     DEX   
  0017 7e0000       [3]     STX   OC6Count
   87:      if(!OC6Count) {
  001a 260c         [3/1]   BNE   *+14 ;abs = 0028
   88:        asm sei
  001c 1410         [1]     SEI   
   89:        disableOC6();
  001e 0700         [4]     BSR   disableOC6
   90:        asm cli
  0020 10ef         [1]     CLI   
   91:      }
   92:    }
  0022 2004         [3]     BRA   *+6 ;abs = 0028
   93:    else {
   94:      OC6DelayCount2--;  
  0024 09           [1]     DEX   
  0025 7e0000       [3]     STX   OC6DelayCount2
   95:    }
   96:    
   97:    TC6 = TCNT + OC6Delay;
  0028 dc00         [3]     LDD   _TCNT
  002a f30000       [3]     ADDD  OC6Delay
  002d 5c00         [2]     STD   _TC6
   98:  }
  002f 0b           [8]     RTI   
