*** EVALUATION ***
ANSI-C/cC++ Compiler for HC12 V-5.0.41 Build 10203, Jul 23 2010

    1:  #include "defs.h"
    2:  
    3:  #include "PLL.h"
    4:  #include "LCDG.h"
    5:  #include "Timer.h"
    6:  #include "Game.h"
    7:  #include "switch.h"
    8:  #include "music.h"
    9:  
   10:  void main(void) { 
*** EVALUATION ***

Function: main
Source  : C:\Users\Raz\Documents\EE 445L\Battleship =(\Sources\main.c
Options : -Cc -CPUHCS12 -D_HCS12_SERIALMON -D__NO_FLOAT__ -Env"GENPATH=C:\Users\Raz\Documents\EE 445L\Battleship =(;C:\Users\Raz\Documents\EE 445L\Battleship =(\bin;C:\Users\Raz\Documents\EE 445L\Battleship =(\prm;C:\Users\Raz\Documents\EE 445L\Battleship =(\cmd;C:\Users\Raz\Documents\EE 445L\Battleship =(\Sources;C:\Program Files\Freescale\CWS12v5.1\lib\HC12c\lib;C:\Program Files\Freescale\CWS12v5.1\lib\HC12c\src;C:\Program Files\Freescale\CWS12v5.1\lib\HC12c\include" -Env"LIBPATH=C:\Program Files\Freescale\CWS12v5.1\lib\HC12c\include" -Env"OBJPATH=C:\Users\Raz\Documents\EE 445L\Battleship =(\bin" -Env"TEXTPATH=C:\Users\Raz\Documents\EE 445L\Battleship =(\bin" -Lasm=%n.lst -Ms -ObjN="C:\Users\Raz\Documents\EE 445L\Battleship =(\Battleship_=(_Data\Standard\ObjectCode\main.c.o" -OnB=b -WmsgSd1106

   11:    PLL_Init();
  0000 160000       [4]     JSR   PLL_Init
   12:    LCD_Init();   // TCNT at 1.5 MHz
  0003 160000       [4]     JSR   LCD_Init
   13:    Timer_Init();
  0006 160000       [4]     JSR   Timer_Init
   14:    DDRP |= 0xA0; // heartbeats, PP7 every 3000, PP5 at sampling rate 
  0009 1c0000a0     [4]     BSET  _DDRP,#160
   15:    Key_Init();
  000d 160000       [4]     JSR   Key_Init
   16:    DAC_Init();
  0010 160000       [4]     JSR   DAC_Init
   17:    Music_InitOC7();
  0013 160000       [4]     JSR   Music_InitOC7
   18:    asm cli
  0016 10ef         [1]     CLI   
   19:    Game_Init();
  0018 160000       [4]     JSR   Game_Init
   20:    
   21:    //enableOC6(&whee, 60000, 25, 5);
   22:    
   23:    for(;;) {
  001b 20fe         [3]     BRA   *+0 ;abs = 001b
   24:    } 
   25:  }
   26:  
