*** EVALUATION ***
ANSI-C/cC++ Compiler for HC12 V-5.0.41 Build 10203, Jul 23 2010

    1:  /*
    2:    Initiating ADC Conversion:
    3:      1. Writing to ATD0CTL5
    4:      2. Edge on external trigger
    5:      3. Level on external trigger
    6:    
    7:    Completed Conversion
    8:      1. Reading ATD0STAT1
    9:      2. Interrupt when complete
   10:  */
   11:  
   12:  #include <hidef.h>      /* common defines and macros */
   13:  #include <mc9s12dp512.h>     /* derivative information */
   14:  #pragma LINK_INFO DERIVATIVE "mc9s12dp512"
   15:                
   16:  #include "PLL.h"
   17:  #include "lcd.h"
   18:  #include <stdio.h>
   19:  
   20:  #include "SCI1.h"
   21:  #include "Xbee.h"
   22:  
   23:  volatile char whee;
   24:  
   25:  void main(void) {
*** EVALUATION ***

Function: main
Source  : C:\Users\Raz\Documents\EE 445L\Lab10\Sources\main.c
Options : -Cc -CPUHCS12 -D_HCS12_SERIALMON -D__NO_FLOAT__ -Env"GENPATH=C:\Users\Raz\Documents\EE 445L\Lab10;C:\Users\Raz\Documents\EE 445L\Lab10\bin;C:\Users\Raz\Documents\EE 445L\Lab10\prm;C:\Users\Raz\Documents\EE 445L\Lab10\cmd;C:\Users\Raz\Documents\EE 445L\Lab10\Sources;C:\Program Files\Freescale\CWS12v5.1\lib\HC12c\lib;C:\Program Files\Freescale\CWS12v5.1\lib\HC12c\src;C:\Program Files\Freescale\CWS12v5.1\lib\HC12c\include" -Env"LIBPATH=C:\Program Files\Freescale\CWS12v5.1\lib\HC12c\include" -Env"OBJPATH=C:\Users\Raz\Documents\EE 445L\Lab10\bin" -Env"TEXTPATH=C:\Users\Raz\Documents\EE 445L\Lab10\bin" -Lasm=%n.lst -Ms -ObjN="C:\Users\Raz\Documents\EE 445L\Lab10\Lab10_Data\Standard\ObjectCode\main.c.o" -WmsgSd1106

   26:    DDRP |= 0x80;
  0000 1c000080     [4]     BSET  _DDRP,#128
   27:    PLL_Init(); // 24 MHz 
  0004 160000       [4]     JSR   PLL_Init
   28:    LCD_Open();
  0007 160000       [4]     JSR   LCD_Open
   29:    SCI1_Init(9600); // SCI output to PC
  000a cc2580       [2]     LDD   #9600
  000d ce0000       [2]     LDX   #0
  0010 160000       [4]     JSR   SCI1_Init
   30:       
   31:    asm cli;
  0013 10ef         [1]     CLI   
   32:    
   33:    XBee_Init();
  0015 160000       [4]     JSR   XBee_Init
   34:    
   35:    for(;;) {
  0018 20fe         [3]     BRA   *+0 ;abs = 0018
   36:    
   37:    }
   38:  }
