*** EVALUATION ***
ANSI-C/cC++ Compiler for HC12 V-5.0.41 Build 10203, Jul 23 2010

    1:  // File **********Timer.C***********
    2:  // Timer wait routines, 9S12DP512
    3:  // assumes PLL is active and E clock is 24 MHz
    4:  // TCNT will become 1.5MHz
    5:  // Jonathan W. Valvano 7/14/07
    6:  
    7:  //  This example accompanies the books
    8:  //   "Embedded Microcomputer Systems: Real Time Interfacing",
    9:  //         Thomson Engineering, copyright (c) 2006,
   10:  //   "Introduction to Embedded Microcomputer Systems: 
   11:  //    Motorola 6811 and 6812 Simulation", Thomson, copyright (c) 2002
   12:  
   13:  // Copyright 2007 by Jonathan W. Valvano, valvano@mail.utexas.edu 
   14:  //    You may use, edit, run or distribute this file 
   15:  //    as long as the above copyright notice remains 
   16:  
   17:  #include <mc9s12dp512.h>     /* derivative information */
   18:  
   19:  //---------------------Timer_Init---------------------
   20:  // activate TCNT at 1.5 MHz
   21:  // inputs: none
   22:  // outputs: none
   23:  void Timer_Init(void){
*** EVALUATION ***

Function: Timer_Init
Source  : C:\Users\Raz\Documents\EE 445L\Lab10\Sources\Timer.C
Options : -Cc -CPUHCS12 -D_HCS12_SERIALMON -D__NO_FLOAT__ -Env"GENPATH=C:\Users\Raz\Documents\EE 445L\Lab10;C:\Users\Raz\Documents\EE 445L\Lab10\bin;C:\Users\Raz\Documents\EE 445L\Lab10\prm;C:\Users\Raz\Documents\EE 445L\Lab10\cmd;C:\Users\Raz\Documents\EE 445L\Lab10\Sources;C:\Program Files\Freescale\CWS12v5.1\lib\HC12c\lib;C:\Program Files\Freescale\CWS12v5.1\lib\HC12c\src;C:\Program Files\Freescale\CWS12v5.1\lib\HC12c\include" -Env"LIBPATH=C:\Program Files\Freescale\CWS12v5.1\lib\HC12c\include" -Env"OBJPATH=C:\Users\Raz\Documents\EE 445L\Lab10\bin" -Env"TEXTPATH=C:\Users\Raz\Documents\EE 445L\Lab10\bin" -Lasm=%n.lst -Ms -ObjN="C:\Users\Raz\Documents\EE 445L\Lab10\Lab10_Data\Standard\ObjectCode\Timer.C.o" -WmsgSd1106

   24:    asm sei      // make ritual atomic 
  0000 1410         [1]     SEI   
   25:    TSCR1 = 0x80;   // Enable TCNT, 24MHz E clock
  0002 cc0780       [2]     LDD   #1920
  0005 5b00         [2]     STAB  _TSCR1
   26:    TSCR2 = 0x07;   // divide by 16 TCNT prescale, TOI disarm
  0007 5a00         [2]     STAA  _TSCR2
   27:    PACTL = 0;      // timer prescale used for TCNT
  0009 790000       [3]     CLR   _PACTL
   28:    asm cli
  000c 10ef         [1]     CLI   
   29:  /* Bottom three bits of TSCR2 (PR2,PR1,PR0) determine TCNT period
   30:      divide  FastMode(24MHz)    Slow Mode (4MHz)
   31:  000   1     42ns  TOF  2.73ms  250ns TOF 16.384ms
   32:  001   2     84ns  TOF  5.46ms  500ns TOF 32.768ms 
   33:  010   4    167ns  TOF  10.9ms    1us TOF 65.536ms   
   34:  011   8    333ns  TOF  21.8ms 	 2us TOF 131.072ms
   35:  100  16    667ns  TOF  43.7ms 	 4us TOF 262.144ns
   36:  101  32   1.33us  TOF  87.4ms		 8us TOF 524.288ms
   37:  110  64   2.67us  TOF 174.8ms   16us TOF 1.048576s
   38:  111 128   5.33us  TOF 349.5ms   32us TOF 2.097152s */ 
   39:  }
  000e 3d           [5]     RTS   
   40:  
   41:  
   42:  //---------Timer_Wait------------------
   43:  // fixed time delay
   44:  // inputs: time to wait in 667ns cycles
   45:  // outputs: none
   46:  void Timer_Wait(unsigned short delay){ 
*** EVALUATION ***

Function: Timer_Wait
Source  : C:\Users\Raz\Documents\EE 445L\Lab10\Sources\Timer.C
Options : -Cc -CPUHCS12 -D_HCS12_SERIALMON -D__NO_FLOAT__ -Env"GENPATH=C:\Users\Raz\Documents\EE 445L\Lab10;C:\Users\Raz\Documents\EE 445L\Lab10\bin;C:\Users\Raz\Documents\EE 445L\Lab10\prm;C:\Users\Raz\Documents\EE 445L\Lab10\cmd;C:\Users\Raz\Documents\EE 445L\Lab10\Sources;C:\Program Files\Freescale\CWS12v5.1\lib\HC12c\lib;C:\Program Files\Freescale\CWS12v5.1\lib\HC12c\src;C:\Program Files\Freescale\CWS12v5.1\lib\HC12c\include" -Env"LIBPATH=C:\Program Files\Freescale\CWS12v5.1\lib\HC12c\include" -Env"OBJPATH=C:\Users\Raz\Documents\EE 445L\Lab10\bin" -Env"TEXTPATH=C:\Users\Raz\Documents\EE 445L\Lab10\bin" -Lasm=%n.lst -Ms -ObjN="C:\Users\Raz\Documents\EE 445L\Lab10\Lab10_Data\Standard\ObjectCode\Timer.C.o" -WmsgSd1106

  0000 6cac         [2]     STD   4,-SP
   47:  unsigned short startTime;
   48:    startTime = TCNT;
  0002 dc00         [3]     LDD   _TCNT
  0004 6c82         [2]     STD   2,SP
   49:    while((TCNT-startTime) <= delay){} 
  0006 dc00         [3]     LDD   _TCNT
  0008 a382         [3]     SUBD  2,SP
  000a ac80         [3]     CPD   0,SP
  000c 23f8         [3/1]   BLS   *-6 ;abs = 0006
   50:  }
  000e 1b84         [2]     LEAS  4,SP
  0010 3d           [5]     RTS   
   51:  
   52:  //---------Timer_Wait1ms------------------
   53:  // fixed time delay
   54:  // inputs: time to wait in ms
   55:  // outputs: none
   56:  // 1500 cycles equals 1ms
   57:  void Timer_Wait1ms(unsigned short delay){ 
*** EVALUATION ***

Function: Timer_Wait1ms
Source  : C:\Users\Raz\Documents\EE 445L\Lab10\Sources\Timer.C
Options : -Cc -CPUHCS12 -D_HCS12_SERIALMON -D__NO_FLOAT__ -Env"GENPATH=C:\Users\Raz\Documents\EE 445L\Lab10;C:\Users\Raz\Documents\EE 445L\Lab10\bin;C:\Users\Raz\Documents\EE 445L\Lab10\prm;C:\Users\Raz\Documents\EE 445L\Lab10\cmd;C:\Users\Raz\Documents\EE 445L\Lab10\Sources;C:\Program Files\Freescale\CWS12v5.1\lib\HC12c\lib;C:\Program Files\Freescale\CWS12v5.1\lib\HC12c\src;C:\Program Files\Freescale\CWS12v5.1\lib\HC12c\include" -Env"LIBPATH=C:\Program Files\Freescale\CWS12v5.1\lib\HC12c\include" -Env"OBJPATH=C:\Users\Raz\Documents\EE 445L\Lab10\bin" -Env"TEXTPATH=C:\Users\Raz\Documents\EE 445L\Lab10\bin" -Lasm=%n.lst -Ms -ObjN="C:\Users\Raz\Documents\EE 445L\Lab10\Lab10_Data\Standard\ObjectCode\Timer.C.o" -WmsgSd1106

   58:    for(;delay>0;delay--){
  0000 b745         [1]     TFR   D,X
  0002 2008         [3]     BRA   *+10 ;abs = 000c
   59:      Timer_Wait(188);
  0004 c6bc         [1]     LDAB  #188
  0006 87           [1]     CLRA  
  0007 34           [2]     PSHX  
  0008 0700         [4]     BSR   Timer_Wait
  000a 30           [3]     PULX  
  000b 09           [1]     DEX   
  000c 0475f5       [3]     TBNE  X,*-8 ;abs = 0004
   60:    }
   61:  }
  000f 3d           [5]     RTS   
   62:  
   63:  //---------Timer_Wait10ms------------------
   64:  // fixed time delay
   65:  // inputs: time to wait in 10ms
   66:  // outputs: none
   67:  // 15000 cycles equals 10ms
   68:  void Timer_Wait10ms(unsigned short delay){
*** EVALUATION ***

Function: Timer_Wait10ms
Source  : C:\Users\Raz\Documents\EE 445L\Lab10\Sources\Timer.C
Options : -Cc -CPUHCS12 -D_HCS12_SERIALMON -D__NO_FLOAT__ -Env"GENPATH=C:\Users\Raz\Documents\EE 445L\Lab10;C:\Users\Raz\Documents\EE 445L\Lab10\bin;C:\Users\Raz\Documents\EE 445L\Lab10\prm;C:\Users\Raz\Documents\EE 445L\Lab10\cmd;C:\Users\Raz\Documents\EE 445L\Lab10\Sources;C:\Program Files\Freescale\CWS12v5.1\lib\HC12c\lib;C:\Program Files\Freescale\CWS12v5.1\lib\HC12c\src;C:\Program Files\Freescale\CWS12v5.1\lib\HC12c\include" -Env"LIBPATH=C:\Program Files\Freescale\CWS12v5.1\lib\HC12c\include" -Env"OBJPATH=C:\Users\Raz\Documents\EE 445L\Lab10\bin" -Env"TEXTPATH=C:\Users\Raz\Documents\EE 445L\Lab10\bin" -Lasm=%n.lst -Ms -ObjN="C:\Users\Raz\Documents\EE 445L\Lab10\Lab10_Data\Standard\ObjectCode\Timer.C.o" -WmsgSd1106

   69:    for(;delay>0;delay--){
  0000 b745         [1]     TFR   D,X
  0002 2008         [3]     BRA   *+10 ;abs = 000c
   70:      Timer_Wait(1875);
  0004 cc0753       [2]     LDD   #1875
  0007 34           [2]     PSHX  
  0008 0700         [4]     BSR   Timer_Wait
  000a 30           [3]     PULX  
  000b 09           [1]     DEX   
  000c 0475f5       [3]     TBNE  X,*-8 ;abs = 0004
   71:    }
   72:  }
  000f 3d           [5]     RTS   
